Asifs-Mac-mini:docker asifzubair$ docker build -t asifzubair/atacseq .
Sending build context to Docker daemon 216.4 MB
Sending build context to Docker daemon 
Step 0 : FROM ubuntu
 ---> 6d4946999d4f
Step 1 : MAINTAINER Asif Zubair <asif.zubair@gmail.com>
 ---> Using cache
 ---> 5dff3fe00433
Step 2 : ENV DEBIAN_FRONTEND noninteractive
 ---> Using cache
 ---> 962d31975ecd
Step 3 : RUN echo 'deb http://cran.stat.ucla.edu//bin/linux/ubuntu trusty/' | sudo tee -a /etc/apt/sources.list.d/r.list
 ---> Using cache
 ---> 8cbf032bfc70
Step 4 : RUN sudo apt-key adv --keyserver keyserver.ubuntu.com --recv-keys E084DAB9
 ---> Using cache
 ---> 58a5b08e0060
Step 5 : RUN apt-get update && apt-get install -y     bwa     git     r-base     samtools
 ---> Using cache
 ---> e4336a426c4a
Step 6 : RUN mkdir -p /atacseq_counts/data /atacseq_counts/reference /atacseq_counts/scripts /atacseq_counts/install
 ---> Using cache
 ---> bab63b3b5af0
Step 7 : COPY tmp/data /atacseq_counts/data
 ---> Using cache
 ---> 0e9698bf588b
Step 8 : COPY tmp/reference /atacseq_counts/reference
 ---> Using cache
 ---> f1bdd62fc12a
Step 9 : COPY tmp/scripts /atacseq_counts/scripts
 ---> Using cache
 ---> 1447b3e67c49
Step 10 : RUN bash /atacseq_counts/scripts/install_samblaster.sh
 ---> Using cache
 ---> 2a6b9f08b359
Step 11 : CMD bash /atacseq_counts/scripts/my_alignment_pipeline.sh
 ---> Running in 7f41fbde87a3
 ---> 9d26108f5762
Removing intermediate container 7f41fbde87a3
Successfully built 9d26108f5762
Asifs-Mac-mini:docker asifzubair$ docker run -t asifzubair/atacseq
samblaster: Version 0.1.22
samblaster: Inputting from stdin
samblaster: Outputting to stdout
[M::main_mem] read 200002 sequences (10000045 bp)...
[M::mem_pestat] # candidate unique pairs for (FF, FR, RF, RR): (1, 1542, 4, 0)
[M::mem_pestat] skip orientation FF as there are not enough pairs
[M::mem_pestat] analyzing insert size distribution for orientation FR...
[M::mem_pestat] (25, 50, 75) percentile: (45, 77, 173)
[M::mem_pestat] low and high boundaries for computing mean and std.dev: (1, 429)
[M::mem_pestat] mean and std.dev: (113.43, 93.44)
[M::mem_pestat] low and high boundaries for proper pairs: (1, 557)
[M::mem_pestat] skip orientation RF as there are not enough pairs
[M::mem_pestat] skip orientation RR as there are not enough pairs
[M::worker2@0] performed mate-SW for 532856 reads
samblaster: Loaded 1 header sequence entries.
[samopen] SAM header is present: 1 sequences.
[M::main_mem] read 200002 sequences (10000065 bp)...
[M::mem_pestat] # candidate unique pairs for (FF, FR, RF, RR): (0, 1557, 5, 0)
[M::mem_pestat] skip orientation FF as there are not enough pairs
[M::mem_pestat] analyzing insert size distribution for orientation FR...
[M::mem_pestat] (25, 50, 75) percentile: (45, 76, 165)
[M::mem_pestat] low and high boundaries for computing mean and std.dev: (1, 405)
[M::mem_pestat] mean and std.dev: (107.71, 86.86)
[M::mem_pestat] low and high boundaries for proper pairs: (1, 525)
[M::mem_pestat] skip orientation RF as there are not enough pairs
[M::mem_pestat] skip orientation RR as there are not enough pairs
[M::worker2@0] performed mate-SW for 529051 reads
[M::main_mem] read 99996 sequences (4999781 bp)...
[M::mem_pestat] # candidate unique pairs for (FF, FR, RF, RR): (0, 786, 2, 0)
[M::mem_pestat] skip orientation FF as there are not enough pairs
[M::mem_pestat] analyzing insert size distribution for orientation FR...
[M::mem_pestat] (25, 50, 75) percentile: (46, 83, 170)
[M::mem_pestat] low and high boundaries for computing mean and std.dev: (1, 418)
[M::mem_pestat] mean and std.dev: (114.01, 90.89)
[M::mem_pestat] low and high boundaries for proper pairs: (1, 542)
[M::mem_pestat] skip orientation RF as there are not enough pairs
[M::mem_pestat] skip orientation RR as there are not enough pairs
[M::worker2@0] performed mate-SW for 264823 reads
[main] Version: 0.7.5a-r405
samblaster: Marked 586 of 250000 (0.23%) read ids as duplicates using 3852k memory in [main] CMD: bwa mem0.280S CPU seconds and 56S -M wall time.
 /atacseq_counts/reference/chr22.fa normal1_1.1mReads.fastq normal1_2.1mReads.fastq
[main] Real time: 56.562 sec; CPU: 55.980 sec
Asifs-Mac-mini:docker asifzubair$ docker push asifzubair/atacseq
The push refers to a repository [asifzubair/atacseq] (len: 1)
9d26108f5762: Image already exists 
2a6b9f08b359: Image successfully pushed 
1447b3e67c49: Image successfully pushed 
f1bdd62fc12a: Image successfully pushed 
0e9698bf588b: Image successfully pushed 
bab63b3b5af0: Image successfully pushed 
e4336a426c4a: Image already exists 
58a5b08e0060: Image already exists 
8cbf032bfc70: Image already exists 
962d31975ecd: Image already exists 
5dff3fe00433: Image already exists 
6d4946999d4f: Image already exists 
9fd3c8c9af32: Image already exists 
435050075b3f: Image already exists 
428b411c28f0: Image already exists 
Digest: sha256:fc6982c05e57b7f60f78a3e0603887d17c30f73d8c8028a88c77a2e2636d24ff
